<?xml version="1.0" encoding="UTF-8"?>
<testng-results ignored="0" total="1" passed="1" failed="0" skipped="0">
  <reporter-output>
  </reporter-output>
  <suite started-at="2025-07-16T16:51:05 EET" name="Default suite" finished-at="2025-07-16T16:51:29 EET" duration-ms="23906">
    <groups>
    </groups>
    <test started-at="2025-07-16T16:51:05 EET" name="Default test" finished-at="2025-07-16T16:51:29 EET" duration-ms="23906">
      <class name="loginPage.MyTestCases">
        <test-method is-config="true" signature="mySetup()[pri:0, instance:loginPage.MyTestCases@753432a2]" started-at="2025-07-16T16:51:05 EET" name="mySetup" finished-at="2025-07-16T16:51:27 EET" duration-ms="22631" status="PASS">
          <reporter-output>
          </reporter-output>
        </test-method> <!-- mySetup -->
        <test-method signature="signup()[pri:1, instance:loginPage.MyTestCases@753432a2]" started-at="2025-07-16T16:51:27 EET" name="signup" finished-at="2025-07-16T16:51:29 EET" duration-ms="1152" status="PASS">
          <reporter-output>
          </reporter-output>
        </test-method> <!-- signup -->
      </class> <!-- loginPage.MyTestCases -->
    </test> <!-- Default test -->
  </suite> <!-- Default suite -->
</testng-results>
